# JRE version: Java(TM) SE Runtime Environment (8.0_181-b13) (build 1.8.0_181-b13)
# Java VM: Java HotSpot(TM) 64-Bit Server VM (25.181-b13 mixed mode windows-amd64 compressed oops)
Heap:
 PSYoungGen      total 941568K, used 477696K [0x000000076b000000, 0x00000007c0000000, 0x00000007c0000000)
  eden space 477696K, 100% used [0x000000076b000000,0x0000000788280000,0x0000000788280000)
  from space 463872K, 0% used [0x00000007a3b00000,0x00000007a3b00000,0x00000007c0000000)
  to   space 451072K, 0% used [0x0000000788280000,0x0000000788280000,0x00000007a3b00000)
 ParOldGen       total 2785280K, used 2785251K [0x00000006c1000000, 0x000000076b000000, 0x000000076b000000)
  object space 2785280K, 99% used [0x00000006c1000000,0x000000076aff8d80,0x000000076b000000)
 Metaspace       used 21132K, capacity 21440K, committed 21760K, reserved 1069056K
  class space    used 2630K, capacity 2728K, committed 2816K, reserved 1048576K
GC Heap History (10 events):
Event: 29.044 GC heap after
Heap after GC invocations=30 (full 7):
 PSYoungGen      total 829952K, used 414176K [0x000000076b000000, 0x00000007c0000000, 0x00000007c0000000)
  eden space 415744K, 0% used [0x000000076b000000,0x000000076b000000,0x0000000784600000)
  from space 414208K, 99% used [0x0000000784600000,0x000000079da78010,0x000000079da80000)
  to   space 463872K, 0% used [0x00000007a3b00000,0x00000007a3b00000,0x00000007c0000000)
 ParOldGen       total 2554368K, used 2001315K [0x00000006c1000000, 0x000000075ce80000, 0x000000076b000000)
  object space 2554368K, 78% used [0x00000006c1000000,0x000000073b268d10,0x000000075ce80000)
 Metaspace       used 21132K, capacity 21440K, committed 21760K, reserved 1069056K
  class space    used 2630K, capacity 2728K, committed 2816K, reserved 1048576K
}
Event: 29.293 GC heap before
{Heap before GC invocations=31 (full 7):
 PSYoungGen      total 829952K, used 829920K [0x000000076b000000, 0x00000007c0000000, 0x00000007c0000000)
  eden space 415744K, 100% used [0x000000076b000000,0x0000000784600000,0x0000000784600000)
  from space 414208K, 99% used [0x0000000784600000,0x000000079da78010,0x000000079da80000)
  to   space 463872K, 0% used [0x00000007a3b00000,0x00000007a3b00000,0x00000007c0000000)
 ParOldGen       total 2554368K, used 2001315K [0x00000006c1000000, 0x000000075ce80000, 0x000000076b000000)
  object space 2554368K, 78% used [0x00000006c1000000,0x000000073b268d10,0x000000075ce80000)
 Metaspace       used 21132K, capacity 21440K, committed 21760K, reserved 1069056K
  class space    used 2630K, capacity 2728K, committed 2816K, reserved 1048576K
Event: 29.553 GC heap after
Heap after GC invocations=31 (full 7):
 PSYoungGen      total 941568K, used 203680K [0x000000076b000000, 0x00000007c0000000, 0x00000007c0000000)
  eden space 477696K, 0% used [0x000000076b000000,0x000000076b000000,0x0000000788280000)
  from space 463872K, 43% used [0x00000007a3b00000,0x00000007b01e8000,0x00000007c0000000)
  to   space 451072K, 0% used [0x0000000788280000,0x0000000788280000,0x00000007a3b00000)
 ParOldGen       total 2554368K, used 2416515K [0x00000006c1000000, 0x000000075ce80000, 0x000000076b000000)
  object space 2554368K, 94% used [0x00000006c1000000,0x00000007547e0d20,0x000000075ce80000)
 Metaspace       used 21132K, capacity 21440K, committed 21760K, reserved 1069056K
  class space    used 2630K, capacity 2728K, committed 2816K, reserved 1048576K
}
Event: 29.553 GC heap before
{Heap before GC invocations=32 (full 8):
 PSYoungGen      total 941568K, used 203680K [0x000000076b000000, 0x00000007c0000000, 0x00000007c0000000)
  eden space 477696K, 0% used [0x000000076b000000,0x000000076b000000,0x0000000788280000)
  from space 463872K, 43% used [0x00000007a3b00000,0x00000007b01e8000,0x00000007c0000000)
  to   space 451072K, 0% used [0x0000000788280000,0x0000000788280000,0x00000007a3b00000)
 ParOldGen       total 2554368K, used 2416515K [0x00000006c1000000, 0x000000075ce80000, 0x000000076b000000)
  object space 2554368K, 94% used [0x00000006c1000000,0x00000007547e0d20,0x000000075ce80000)
 Metaspace       used 21132K, capacity 21440K, committed 21760K, reserved 1069056K
  class space    used 2630K, capacity 2728K, committed 2816K, reserved 1048576K
Event: 33.862 GC heap after
Heap after GC invocations=32 (full 8):
 PSYoungGen      total 941568K, used 22797K [0x000000076b000000, 0x00000007c0000000, 0x00000007c0000000)
  eden space 477696K, 0% used [0x000000076b000000,0x000000076b000000,0x0000000788280000)
  from space 463872K, 4% used [0x00000007a3b00000,0x00000007a5143590,0x00000007c0000000)
  to   space 451072K, 0% used [0x0000000788280000,0x0000000788280000,0x00000007a3b00000)
 ParOldGen       total 2785280K, used 2554352K [0x00000006c1000000, 0x000000076b000000, 0x000000076b000000)
  object space 2785280K, 91% used [0x00000006c1000000,0x000000075ce7c138,0x000000076b000000)
 Metaspace       used 21132K, capacity 21440K, committed 21760K, reserved 1069056K
  class space    used 2630K, capacity 2728K, committed 2816K, reserved 1048576K
}
Event: 34.146 GC heap before
{Heap before GC invocations=33 (full 9):
 PSYoungGen      total 941568K, used 500493K [0x000000076b000000, 0x00000007c0000000, 0x00000007c0000000)
  eden space 477696K, 100% used [0x000000076b000000,0x0000000788280000,0x0000000788280000)
  from space 463872K, 4% used [0x00000007a3b00000,0x00000007a5143590,0x00000007c0000000)
  to   space 451072K, 0% used [0x0000000788280000,0x0000000788280000,0x00000007a3b00000)
 ParOldGen       total 2785280K, used 2554352K [0x00000006c1000000, 0x000000076b000000, 0x000000076b000000)
  object space 2785280K, 91% used [0x00000006c1000000,0x000000075ce7c138,0x000000076b000000)
 Metaspace       used 21132K, capacity 21440K, committed 21760K, reserved 1069056K
  class space    used 2630K, capacity 2728K, committed 2816K, reserved 1048576K
Event: 38.427 GC heap after
Heap after GC invocations=33 (full 9):
 PSYoungGen      total 941568K, used 25552K [0x000000076b000000, 0x00000007c0000000, 0x00000007c0000000)
  eden space 477696K, 5% used [0x000000076b000000,0x000000076c8f4080,0x0000000788280000)
  from space 463872K, 0% used [0x00000007a3b00000,0x00000007a3b00000,0x00000007c0000000)
  to   space 451072K, 0% used [0x0000000788280000,0x0000000788280000,0x00000007a3b00000)
 ParOldGen       total 2785280K, used 2785251K [0x00000006c1000000, 0x000000076b000000, 0x000000076b000000)
  object space 2785280K, 99% used [0x00000006c1000000,0x000000076aff8d80,0x000000076b000000)
 Metaspace       used 21132K, capacity 21440K, committed 21760K, reserved 1069056K
  class space    used 2630K, capacity 2728K, committed 2816K, reserved 1048576K
}
Event: 38.695 GC heap before
{Heap before GC invocations=34 (full 10):
 PSYoungGen      total 941568K, used 477696K [0x000000076b000000, 0x00000007c0000000, 0x00000007c0000000)
  eden space 477696K, 100% used [0x000000076b000000,0x0000000788280000,0x0000000788280000)
  from space 463872K, 0% used [0x00000007a3b00000,0x00000007a3b00000,0x00000007c0000000)
  to   space 451072K, 0% used [0x0000000788280000,0x0000000788280000,0x00000007a3b00000)
 ParOldGen       total 2785280K, used 2785251K [0x00000006c1000000, 0x000000076b000000, 0x000000076b000000)
  object space 2785280K, 99% used [0x00000006c1000000,0x000000076aff8d80,0x000000076b000000)
 Metaspace       used 21132K, capacity 21440K, committed 21760K, reserved 1069056K
  class space    used 2630K, capacity 2728K, committed 2816K, reserved 1048576K
Event: 43.355 GC heap after
Heap after GC invocations=34 (full 10):
 PSYoungGen      total 941568K, used 246707K [0x000000076b000000, 0x00000007c0000000, 0x00000007c0000000)
  eden space 477696K, 51% used [0x000000076b000000,0x000000077a0ecf40,0x0000000788280000)
  from space 463872K, 0% used [0x00000007a3b00000,0x00000007a3b00000,0x00000007c0000000)
  to   space 451072K, 0% used [0x0000000788280000,0x0000000788280000,0x00000007a3b00000)
 ParOldGen       total 2785280K, used 2785251K [0x00000006c1000000, 0x000000076b000000, 0x000000076b000000)
  object space 2785280K, 99% used [0x00000006c1000000,0x000000076aff8d80,0x000000076b000000)
 Metaspace       used 21132K, capacity 21440K, committed 21760K, reserved 1069056K
  class space    used 2630K, capacity 2728K, committed 2816K, reserved 1048576K
}
Event: 43.491 GC heap before
{Heap before GC invocations=35 (full 11):
 PSYoungGen      total 941568K, used 477696K [0x000000076b000000, 0x00000007c0000000, 0x00000007c0000000)
  eden space 477696K, 100% used [0x000000076b000000,0x0000000788280000,0x0000000788280000)
  from space 463872K, 0% used [0x00000007a3b00000,0x00000007a3b00000,0x00000007c0000000)
  to   space 451072K, 0% used [0x0000000788280000,0x0000000788280000,0x00000007a3b00000)
 ParOldGen       total 2785280K, used 2785251K [0x00000006c1000000, 0x000000076b000000, 0x000000076b000000)
  object space 2785280K, 99% used [0x00000006c1000000,0x000000076aff8d80,0x000000076b000000)
 Metaspace       used 21132K, capacity 21440K, committed 21760K, reserved 1069056K
  class space    used 2630K, capacity 2728K, committed 2816K, reserved 1048576K

